2023-10-11 15:00:05,498 INFO    api.test.UserTest - --------------Create User info---------------------
2023-10-11 15:00:08,299 INFO    api.test.UserTest - --------------Create User info---------------------
2023-10-11 15:00:09,723 INFO    api.test.UserTest - --------------Create User info---------------------
2023-10-11 15:00:10,977 INFO    api.test.UserTest - --------------Create User info---------------------
2023-10-11 15:02:10,944 INFO    api.test.UserTest - --------------Create User info---------------------
2023-10-11 15:02:13,874 INFO    api.test.UserTest - --------------Get User info---------------------
2023-10-11 15:02:15,222 INFO    api.test.UserTest - --------------Get User info finished---------------------
2023-10-11 15:02:15,227 INFO    api.test.UserTest - --------------Update User info---------------------
2023-10-11 15:02:16,535 INFO    api.test.UserTest - --------------update User info finish---------------------
2023-10-11 15:02:16,543 INFO    api.test.UserTest - --------------delte User ---------------------
2023-10-11 15:02:17,796 INFO    api.test.UserTest - --------------delte User info finished ---------------------
2023-10-11 15:02:19,410 INFO    api.test.UserTest - --------------Create User info---------------------
2023-10-11 15:02:22,296 INFO    api.test.UserTest - --------------Get User info---------------------
2023-10-11 15:02:23,668 INFO    api.test.UserTest - --------------Get User info finished---------------------
2023-10-11 15:02:23,671 INFO    api.test.UserTest - --------------Update User info---------------------
2023-10-11 15:02:24,960 INFO    api.test.UserTest - --------------update User info finish---------------------
2023-10-11 15:02:24,970 INFO    api.test.UserTest - --------------delte User ---------------------
2023-10-11 15:02:26,274 INFO    api.test.UserTest - --------------delte User info finished ---------------------
2023-10-11 15:56:50,734 INFO    api.test.UserTest2 - --------------Create User info---------------------
2023-10-11 15:56:54,961 INFO    api.test.UserTest2 - --------------Get User info---------------------
2023-10-11 15:56:56,390 INFO    api.test.UserTest2 - --------------Update User info---------------------
2023-10-11 15:56:57,634 INFO    api.test.UserTest2 - --------------update User info finish---------------------
2023-10-11 15:56:57,636 INFO    api.test.UserTest2 - --------------delte User ---------------------
2023-10-11 15:58:07,583 INFO    api.test.UserTest2 - --------------Get User info---------------------
2023-10-11 15:59:07,814 INFO    api.test.UserTest2 - --------------Create User info---------------------
2023-10-11 15:59:10,883 INFO    api.test.UserTest2 - --------------User is created---------------------
2023-10-11 15:59:10,898 INFO    api.test.UserTest2 - --------------Get User info---------------------
2023-10-11 15:59:12,278 INFO    api.test.UserTest2 - --------------Update User info---------------------
2023-10-11 15:59:13,514 INFO    api.test.UserTest2 - --------------update User info finish---------------------
2023-10-11 15:59:13,518 INFO    api.test.UserTest2 - --------------delte User ---------------------
2023-10-11 16:02:31,732 INFO    api.test.UserTest2 - --------------Create User info---------------------
2023-10-11 16:02:35,636 INFO    api.test.UserTest2 - --------------User is created---------------------
2023-10-11 16:02:35,647 INFO    api.test.UserTest2 - --------------Get User info---------------------
2023-10-11 16:02:36,954 INFO    api.test.UserTest2 - --------------Get User info finished---------------------
2023-10-11 16:02:36,958 INFO    api.test.UserTest2 - --------------Update User info---------------------
2023-10-11 16:02:38,220 INFO    api.test.UserTest2 - --------------update User info finish---------------------
2023-10-11 16:02:38,223 INFO    api.test.UserTest2 - --------------delte User ---------------------
2023-10-11 16:02:39,442 INFO    api.test.UserTest2 - --------------delte User info finished ---------------------
2023-10-11 16:35:17,049 INFO    api.test.UserTest - --------------Create User info---------------------
2023-10-11 16:35:18,301 INFO    api.test.UserTest - --------------Get User info---------------------
2023-10-11 16:35:19,587 INFO    api.test.UserTest - --------------Get User info finished---------------------
2023-10-11 16:35:19,588 INFO    api.test.UserTest - --------------Update User info---------------------
2023-10-11 16:35:20,838 INFO    api.test.UserTest - --------------update User info finish---------------------
2023-10-11 16:35:20,839 INFO    api.test.UserTest - --------------delte User ---------------------
2023-10-11 16:35:22,036 INFO    api.test.UserTest - --------------delte User info finished ---------------------
2023-10-11 16:35:23,694 INFO    api.test.UserTest - --------------Create User info---------------------
2023-10-11 16:35:25,012 INFO    api.test.UserTest - --------------Get User info---------------------
2023-10-11 16:35:26,357 INFO    api.test.UserTest - --------------Get User info finished---------------------
2023-10-11 16:35:26,358 INFO    api.test.UserTest - --------------Update User info---------------------
2023-10-11 16:35:27,561 INFO    api.test.UserTest - --------------update User info finish---------------------
2023-10-11 16:35:27,565 INFO    api.test.UserTest - --------------delte User ---------------------
2023-10-11 16:35:28,909 INFO    api.test.UserTest - --------------delte User info finished ---------------------
2023-10-11 16:40:27,796 INFO    api.test.UserTest - --------------Create User info---------------------
2023-10-11 16:40:31,700 INFO    api.test.UserTest - --------------Get User info---------------------
2023-10-11 16:40:33,080 INFO    api.test.UserTest - --------------Get User info finished---------------------
2023-10-11 16:40:33,084 INFO    api.test.UserTest - --------------Update User info---------------------
2023-10-11 16:40:34,383 INFO    api.test.UserTest - --------------update User info finish---------------------
2023-10-11 16:40:34,384 INFO    api.test.UserTest - --------------delte User ---------------------
2023-10-11 16:40:35,594 INFO    api.test.UserTest - --------------delte User info finished ---------------------
2023-10-11 16:42:26,561 INFO    api.test.UserTest - --------------Create User info---------------------
2023-10-11 16:42:31,227 INFO    api.test.UserTest - --------------Get User info---------------------
2023-10-11 16:42:32,631 INFO    api.test.UserTest - --------------Get User info finished---------------------
2023-10-11 16:42:32,633 INFO    api.test.UserTest - --------------Update User info---------------------
2023-10-11 16:42:33,961 INFO    api.test.UserTest - --------------update User info finish---------------------
2023-10-11 16:42:33,963 INFO    api.test.UserTest - --------------delte User ---------------------
2023-10-11 16:42:35,228 INFO    api.test.UserTest - --------------delte User info finished ---------------------
2023-10-11 16:49:47,955 INFO    api.test.UserTest - --------------Create User info---------------------
2023-10-11 16:49:51,305 INFO    api.test.UserTest - --------------Get User info---------------------
2023-10-11 16:49:52,698 INFO    api.test.UserTest - --------------Get User info finished---------------------
2023-10-11 16:49:52,700 INFO    api.test.UserTest - --------------Update User info---------------------
2023-10-11 16:49:54,033 INFO    api.test.UserTest - --------------update User info finish---------------------
2023-10-11 16:49:54,035 INFO    api.test.UserTest - --------------delte User ---------------------
2023-10-11 16:49:55,247 INFO    api.test.UserTest - --------------delte User info finished ---------------------
2023-10-11 16:51:24,593 INFO    api.test.UserTest - --------------Create User info---------------------
2023-10-11 16:51:28,160 INFO    api.test.UserTest - --------------User is created---------------------
2023-10-11 16:51:28,176 INFO    api.test.UserTest - --------------Get User info---------------------
2023-10-11 16:51:29,501 INFO    api.test.UserTest - --------------Get User info finished---------------------
2023-10-11 16:51:29,503 INFO    api.test.UserTest - --------------Update User info---------------------
2023-10-11 16:51:30,792 INFO    api.test.UserTest - --------------update User info finish---------------------
2023-10-11 16:51:30,794 INFO    api.test.UserTest - --------------delte User ---------------------
2023-10-11 16:51:31,965 INFO    api.test.UserTest - --------------delte User info finished ---------------------
